Sender: LSF System <lsfadmin@polus-c1-ib.bmc.hpc.cs.msu.ru>
Subject: Job 502604: <#BSUB -n 5;#BSUB -W 00:30;#BSUB -o my_job.%J.out;#BSUB -e my_job.%J.err;#BSUB -R "span[hosts=1]";OMP_NUM_THREADS=1 ./a.out;OMP_NUM_THREADS=2 ./a.out;OMP_NUM_THREADS=4 ./a.out;OMP_NUM_THREADS=8 ./a.out;OMP_NUM_THREADS=16 ./a.out;OMP_NUM_THREADS=32 ./a.out;OMP_NUM_THREADS=64 ./a.out> in cluster <MSUCluster> Done

Job <#BSUB -n 5;#BSUB -W 00:30;#BSUB -o my_job.%J.out;#BSUB -e my_job.%J.err;#BSUB -R "span[hosts=1]";OMP_NUM_THREADS=1 ./a.out;OMP_NUM_THREADS=2 ./a.out;OMP_NUM_THREADS=4 ./a.out;OMP_NUM_THREADS=8 ./a.out;OMP_NUM_THREADS=16 ./a.out;OMP_NUM_THREADS=32 ./a.out;OMP_NUM_THREADS=64 ./a.out> was submitted from host <polus-ib.bmc.hpc.cs.msu.ru> by user <edu-cmc-skpod19-321-12> in cluster <MSUCluster> at Tue Dec  3 13:40:22 2019
Job was executed on host(s) <5*polus-c1-ib.bmc.hpc.cs.msu.ru>, in queue <short>, as user <edu-cmc-skpod19-321-12> in cluster <MSUCluster> at Tue Dec  3 13:40:22 2019
</home_edu/edu-cmc-skpod19-321/edu-cmc-skpod19-321-12> was used as the home directory.
</home_edu/edu-cmc-skpod19-321/edu-cmc-skpod19-321-12/VOVAN/GaussOpenMp> was used as the working directory.
Started at Tue Dec  3 13:40:22 2019
Terminated at Tue Dec  3 13:41:54 2019
Results reported at Tue Dec  3 13:41:54 2019

Your job looked like:

------------------------------------------------------------
# LSBATCH: User input
#BSUB -n 5
#BSUB -W 00:30
#BSUB -o my_job.%J.out
#BSUB -e my_job.%J.err
#BSUB -R "span[hosts=1]"
OMP_NUM_THREADS=1 ./a.out
OMP_NUM_THREADS=2 ./a.out
OMP_NUM_THREADS=4 ./a.out
OMP_NUM_THREADS=8 ./a.out
OMP_NUM_THREADS=16 ./a.out
OMP_NUM_THREADS=32 ./a.out
OMP_NUM_THREADS=64 ./a.out

------------------------------------------------------------

Successfully completed.

Resource usage summary:

    CPU time :                                   574.13 sec.
    Max Memory :                                 78 MB
    Average Memory :                             70.13 MB
    Total Requested Memory :                     -
    Delta Memory :                               -
    Max Swap :                                   -
    Max Processes :                              4
    Max Threads :                                36
    Run time :                                   93 sec.
    Turnaround time :                            92 sec.

The output (if any) follows:

GAUSS 3000x3000
----------------------------------
Time in seconds=40.7403s
X=(1, 1, 1, 1, 1, 1, 1, 1, 1, ...)
GAUSS 3000x3000
----------------------------------
Time in seconds=21.2176s
X=(1, 1, 1, 1, 1, 1, 1, 1, 1, ...)
GAUSS 3000x3000
----------------------------------
Time in seconds=10.6978s
X=(1, 1, 1, 1, 1, 1, 1, 1, 1, ...)
GAUSS 3000x3000
----------------------------------
Time in seconds=6.71696s
X=(1, 1, 1, 1, 1, 1, 1, 1, 1, ...)
GAUSS 3000x3000
----------------------------------
Time in seconds=4.91267s
X=(1, 1, 1, 1, 1, 1, 1, 1, 1, ...)
GAUSS 3000x3000
----------------------------------
Time in seconds=4.13116s
X=(1, 1, 1, 1, 1, 1, 1, 1, 1, ...)
GAUSS 3000x3000
----------------------------------
Time in seconds=2.88022s
X=(1, 1, 1, 1, 1, 1, 1, 1, 1, ...)


PS:

Read file <my_job.502604.err> for stderr output of this job.

