Sender: LSF System <lsfadmin@polus-c4-ib.bmc.hpc.cs.msu.ru>
Subject: Job 505066: <#BSUB -n 5;#BSUB -W 00:30;#BSUB -o my_job.%J.out;#BSUB -e my_job.%J.err;#BSUB -R "span[hosts=1]";OMP_NUM_THREADS=1 ./b.out;OMP_NUM_THREADS=2 ./b.out;OMP_NUM_THREADS=4 ./b.out;OMP_NUM_THREADS=8 ./b.out;OMP_NUM_THREADS=16 ./b.out;OMP_NUM_THREADS=32 ./b.out;OMP_NUM_THREADS=64 ./b.out;OMP_NUM_THREADS=128 ./b.out> in cluster <MSUCluster> Done

Job <#BSUB -n 5;#BSUB -W 00:30;#BSUB -o my_job.%J.out;#BSUB -e my_job.%J.err;#BSUB -R "span[hosts=1]";OMP_NUM_THREADS=1 ./b.out;OMP_NUM_THREADS=2 ./b.out;OMP_NUM_THREADS=4 ./b.out;OMP_NUM_THREADS=8 ./b.out;OMP_NUM_THREADS=16 ./b.out;OMP_NUM_THREADS=32 ./b.out;OMP_NUM_THREADS=64 ./b.out;OMP_NUM_THREADS=128 ./b.out> was submitted from host <polus-ib.bmc.hpc.cs.msu.ru> by user <edu-cmc-skpod19-328-10> in cluster <MSUCluster> at Wed Dec  4 17:23:49 2019
Job was executed on host(s) <5*polus-c4-ib.bmc.hpc.cs.msu.ru>, in queue <short>, as user <edu-cmc-skpod19-328-10> in cluster <MSUCluster> at Wed Dec  4 17:23:50 2019
</home_edu/edu-cmc-skpod19-328/edu-cmc-skpod19-328-10> was used as the home directory.
</home_edu/edu-cmc-skpod19-328/edu-cmc-skpod19-328-10/vovan/GaussOpenMp> was used as the working directory.
Started at Wed Dec  4 17:23:50 2019
Terminated at Wed Dec  4 17:53:19 2019
Results reported at Wed Dec  4 17:53:19 2019

Your job looked like:

------------------------------------------------------------
# LSBATCH: User input
#BSUB -n 5
#BSUB -W 00:30
#BSUB -o my_job.%J.out
#BSUB -e my_job.%J.err
#BSUB -R "span[hosts=1]"
OMP_NUM_THREADS=1 ./b.out
OMP_NUM_THREADS=2 ./b.out
OMP_NUM_THREADS=4 ./b.out
OMP_NUM_THREADS=8 ./b.out
OMP_NUM_THREADS=16 ./b.out
OMP_NUM_THREADS=32 ./b.out
OMP_NUM_THREADS=64 ./b.out
OMP_NUM_THREADS=128 ./b.out

------------------------------------------------------------

Successfully completed.

Resource usage summary:

    CPU time :                                   15922.72 sec.
    Max Memory :                                 534 MB
    Average Memory :                             516.97 MB
    Total Requested Memory :                     -
    Delta Memory :                               -
    Max Swap :                                   -
    Max Processes :                              4
    Max Threads :                                132
    Run time :                                   1770 sec.
    Turnaround time :                            1770 sec.

The output (if any) follows:

GAUSS 8192x8192
----------------------------------
Time in seconds=798.166s
X=(1, 1, 1, 1, 1, 1, 1, 1, 1, ...)
GAUSS 8192x8192
----------------------------------
Time in seconds=404.434s
X=(1, 1, 1, 1, 1, 1, 1, 1, 1, ...)
GAUSS 8192x8192
----------------------------------
Time in seconds=204.9s
X=(1, 1, 1, 1, 1, 1, 1, 1, 1, ...)
GAUSS 8192x8192
----------------------------------
Time in seconds=103.242s
X=(1, 1, 1, 1, 1, 1, 1, 1, 1, ...)
GAUSS 8192x8192
----------------------------------
Time in seconds=77.0492s
X=(1, 1, 1, 1, 1, 1, 1, 1, 1, ...)
GAUSS 8192x8192
----------------------------------
Time in seconds=71.5973s
X=(1, 1, 1, 1, 1, 1, 1, 1, 1, ...)
GAUSS 8192x8192
----------------------------------
Time in seconds=69.6801s
X=(1, 1, 1, 1, 1, 1, 1, 1, 1, ...)
GAUSS 8192x8192
----------------------------------
Time in seconds=37.7701s
X=(1, 1, 1, 1, 1, 1, 1, 1, 1, ...)


PS:

Read file <my_job.505066.err> for stderr output of this job.

