Sender: LSF System <lsfadmin@polus-c4-ib.bmc.hpc.cs.msu.ru>
Subject: Job 505053: <#BSUB -n 5;#BSUB -W 00:30;#BSUB -o my_job.%J.out;#BSUB -e my_job.%J.err;#BSUB -R "span[hosts=1]";OMP_NUM_THREADS=1 ./b.out;OMP_NUM_THREADS=2 ./b.out;OMP_NUM_THREADS=4 ./b.out;OMP_NUM_THREADS=8 ./b.out;OMP_NUM_THREADS=16 ./b.out;OMP_NUM_THREADS=32 ./b.out;OMP_NUM_THREADS=64 ./b.out;OMP_NUM_THREADS=128 ./b.out> in cluster <MSUCluster> Exited

Job <#BSUB -n 5;#BSUB -W 00:30;#BSUB -o my_job.%J.out;#BSUB -e my_job.%J.err;#BSUB -R "span[hosts=1]";OMP_NUM_THREADS=1 ./b.out;OMP_NUM_THREADS=2 ./b.out;OMP_NUM_THREADS=4 ./b.out;OMP_NUM_THREADS=8 ./b.out;OMP_NUM_THREADS=16 ./b.out;OMP_NUM_THREADS=32 ./b.out;OMP_NUM_THREADS=64 ./b.out;OMP_NUM_THREADS=128 ./b.out> was submitted from host <polus-ib.bmc.hpc.cs.msu.ru> by user <edu-cmc-skpod19-328-10> in cluster <MSUCluster> at Wed Dec  4 17:17:38 2019
Job was executed on host(s) <5*polus-c4-ib.bmc.hpc.cs.msu.ru>, in queue <short>, as user <edu-cmc-skpod19-328-10> in cluster <MSUCluster> at Wed Dec  4 17:17:38 2019
</home_edu/edu-cmc-skpod19-328/edu-cmc-skpod19-328-10> was used as the home directory.
</home_edu/edu-cmc-skpod19-328/edu-cmc-skpod19-328-10/vovan/GaussOpenMp> was used as the working directory.
Started at Wed Dec  4 17:17:38 2019
Terminated at Wed Dec  4 17:17:38 2019
Results reported at Wed Dec  4 17:17:38 2019

Your job looked like:

------------------------------------------------------------
# LSBATCH: User input
#BSUB -n 5
#BSUB -W 00:30
#BSUB -o my_job.%J.out
#BSUB -e my_job.%J.err
#BSUB -R "span[hosts=1]"
OMP_NUM_THREADS=1 ./b.out
OMP_NUM_THREADS=2 ./b.out
OMP_NUM_THREADS=4 ./b.out
OMP_NUM_THREADS=8 ./b.out
OMP_NUM_THREADS=16 ./b.out
OMP_NUM_THREADS=32 ./b.out
OMP_NUM_THREADS=64 ./b.out
OMP_NUM_THREADS=128 ./b.out

------------------------------------------------------------

Exited with exit code 1.

Resource usage summary:

    CPU time :                                   0.03 sec.
    Max Memory :                                 1 MB
    Average Memory :                             1.00 MB
    Total Requested Memory :                     -
    Delta Memory :                               -
    Max Swap :                                   -
    Max Processes :                              1
    Max Threads :                                1
    Run time :                                   2 sec.
    Turnaround time :                            0 sec.

The output (if any) follows:

Can not open 'data.in' Can not open 'data.in' Can not open 'data.in' Can not open 'data.in' Can not open 'data.in' Can not open 'data.in' Can not open 'data.in' Can not open 'data.in' 

PS:

Read file <my_job.505053.err> for stderr output of this job.

