Sender: LSF System <lsfadmin@polus-c2-ib.bmc.hpc.cs.msu.ru>
Subject: Job 505065: <#BSUB -n 5;#BSUB -W 00:30;#BSUB -o my_job.%J.out;#BSUB -e my_job.%J.err;#BSUB -R "span[hosts=1]";OMP_NUM_THREADS=1 ./a.out;OMP_NUM_THREADS=2 ./a.out;OMP_NUM_THREADS=4 ./a.out;OMP_NUM_THREADS=8 ./a.out;OMP_NUM_THREADS=16 ./a.out;OMP_NUM_THREADS=32 ./a.out;OMP_NUM_THREADS=64 ./a.out;OMP_NUM_THREADS=128 ./a.out> in cluster <MSUCluster> Done

Job <#BSUB -n 5;#BSUB -W 00:30;#BSUB -o my_job.%J.out;#BSUB -e my_job.%J.err;#BSUB -R "span[hosts=1]";OMP_NUM_THREADS=1 ./a.out;OMP_NUM_THREADS=2 ./a.out;OMP_NUM_THREADS=4 ./a.out;OMP_NUM_THREADS=8 ./a.out;OMP_NUM_THREADS=16 ./a.out;OMP_NUM_THREADS=32 ./a.out;OMP_NUM_THREADS=64 ./a.out;OMP_NUM_THREADS=128 ./a.out> was submitted from host <polus-ib.bmc.hpc.cs.msu.ru> by user <edu-cmc-skpod19-328-10> in cluster <MSUCluster> at Wed Dec  4 17:23:48 2019
Job was executed on host(s) <5*polus-c2-ib.bmc.hpc.cs.msu.ru>, in queue <short>, as user <edu-cmc-skpod19-328-10> in cluster <MSUCluster> at Wed Dec  4 17:23:49 2019
</home_edu/edu-cmc-skpod19-328/edu-cmc-skpod19-328-10> was used as the home directory.
</home_edu/edu-cmc-skpod19-328/edu-cmc-skpod19-328-10/vovan/GaussOpenMp> was used as the working directory.
Started at Wed Dec  4 17:23:49 2019
Terminated at Wed Dec  4 17:23:50 2019
Results reported at Wed Dec  4 17:23:50 2019

Your job looked like:

------------------------------------------------------------
# LSBATCH: User input
#BSUB -n 5
#BSUB -W 00:30
#BSUB -o my_job.%J.out
#BSUB -e my_job.%J.err
#BSUB -R "span[hosts=1]"
OMP_NUM_THREADS=1 ./a.out
OMP_NUM_THREADS=2 ./a.out
OMP_NUM_THREADS=4 ./a.out
OMP_NUM_THREADS=8 ./a.out
OMP_NUM_THREADS=16 ./a.out
OMP_NUM_THREADS=32 ./a.out
OMP_NUM_THREADS=64 ./a.out
OMP_NUM_THREADS=128 ./a.out

------------------------------------------------------------

Successfully completed.

Resource usage summary:

    CPU time :                                   3.61 sec.
    Max Memory :                                 1 MB
    Average Memory :                             1.00 MB
    Total Requested Memory :                     -
    Delta Memory :                               -
    Max Swap :                                   -
    Max Processes :                              1
    Max Threads :                                1
    Run time :                                   1 sec.
    Turnaround time :                            2 sec.

The output (if any) follows:

GAUSS 128x128
----------------------------------
Time in seconds=0.003115s
X=(1, 1, 1, 1, 1, 1, 1, 1, 1, ...)
GAUSS 128x128
----------------------------------
Time in seconds=0.002s
X=(1, 1, 1, 1, 1, 1, 1, 1, 1, ...)
GAUSS 128x128
----------------------------------
Time in seconds=0.00106s
X=(1, 1, 1, 1, 1, 1, 1, 1, 1, ...)
GAUSS 128x128
----------------------------------
Time in seconds=0.000789s
X=(1, 1, 1, 1, 1, 1, 1, 1, 1, ...)
GAUSS 128x128
----------------------------------
Time in seconds=0.000731s
X=(1, 1, 1, 1, 1, 1, 1, 1, 1, ...)
GAUSS 128x128
----------------------------------
Time in seconds=0.000719s
X=(1, 1, 1, 1, 1, 1, 1, 1, 1, ...)
GAUSS 128x128
----------------------------------
Time in seconds=0.021115s
X=(1, 1, 1, 1, 1, 1, 1, 1, 1, ...)
GAUSS 128x128
----------------------------------
Time in seconds=0.001586s
X=(1, 1, 1, 1, 1, 1, 1, 1, 1, ...)


PS:

Read file <my_job.505065.err> for stderr output of this job.

